  AlienInputComponent.cpp
c:\users\morten\google drive\intelligente systemer - studier\pg4400 - c++ programmering\eksamen\spaceinvaders\spaceinvaders\spaceinvaders\alieninputcomponent.cpp(18): warning C4018: '>=': signed/unsigned mismatch
  AlienPhysicsComponent.cpp
c:\users\morten\google drive\intelligente systemer - studier\pg4400 - c++ programmering\eksamen\spaceinvaders\spaceinvaders\spaceinvaders\alienphysicscomponent.cpp(53): warning C4018: '<=': signed/unsigned mismatch
  BombInputComponent.cpp
c:\users\morten\google drive\intelligente systemer - studier\pg4400 - c++ programmering\eksamen\spaceinvaders\spaceinvaders\spaceinvaders\bombinputcomponent.cpp(22): warning C4018: '>': signed/unsigned mismatch
c:\users\morten\google drive\intelligente systemer - studier\pg4400 - c++ programmering\eksamen\spaceinvaders\spaceinvaders\spaceinvaders\bombinputcomponent.cpp(31): warning C4244: 'argument': conversion from 'time_t' to 'unsigned int', possible loss of data
  BombPhysicsComponent.cpp
c:\users\morten\google drive\intelligente systemer - studier\pg4400 - c++ programmering\eksamen\spaceinvaders\spaceinvaders\spaceinvaders\bombphysicscomponent.cpp(23): warning C4018: '<=': signed/unsigned mismatch
  BulletInputComponent.cpp
  BulletPhysicsComponent.cpp
c:\users\morten\google drive\intelligente systemer - studier\pg4400 - c++ programmering\eksamen\spaceinvaders\spaceinvaders\spaceinvaders\bulletphysicscomponent.cpp(36): warning C4018: '>=': signed/unsigned mismatch
  Entity.cpp
  EntityManager.cpp
  ExplosionsPhysicsComponent.cpp
  GameManager.cpp
c:\users\morten\google drive\intelligente systemer - studier\pg4400 - c++ programmering\eksamen\spaceinvaders\spaceinvaders\spaceinvaders\gamemanager.cpp(3): warning C4067: unexpected tokens following preprocessor directive - expected a newline
c:\users\morten\google drive\intelligente systemer - studier\pg4400 - c++ programmering\eksamen\spaceinvaders\spaceinvaders\spaceinvaders\gamemanager.cpp(54): warning C4018: '>': signed/unsigned mismatch
  GraphicsComponent.cpp
  PhysicsComponent.cpp
  PlayerInputComponent.cpp
  PlayerPhysicsComponent.cpp
  RenderManager.cpp
  ResourceManager.cpp
  TextManager.cpp
  Generating Code...
  SpaceInvaders.vcxproj -> C:\Users\Morten\Google Drive\Intelligente systemer - Studier\PG4400 - C++ Programmering\Eksamen\SpaceInvaders\SpaceInvaders\x64\Debug\SpaceInvaders.exe
